2020-08-25 18:31:59,133    USE_PROXY = false
2020-08-25 18:31:59,133    FREE_PROXY = false
2020-08-25 18:32:09,408     Exception : element not interactable
  (Session info: chrome=84.0.4147.125)
2020-08-25 18:32:09,408    USE_PROXY = false
2020-08-25 18:32:09,409    FREE_PROXY = false
2020-08-25 18:32:23,448     Exception : element not interactable
  (Session info: chrome=84.0.4147.125)
2020-08-25 18:32:23,448    USE_PROXY = false
2020-08-25 18:32:23,449    FREE_PROXY = false
2020-08-25 18:32:30,984     Exception : element not interactable
  (Session info: chrome=84.0.4147.125)
2020-08-25 18:32:30,984    USE_PROXY = false
2020-08-25 18:32:30,985    FREE_PROXY = false
2020-08-25 18:32:40,115     Exception : element not interactable
  (Session info: chrome=84.0.4147.125)
2020-08-25 18:38:22,063    USE_PROXY = false
2020-08-25 18:38:22,063    FREE_PROXY = false
2020-08-25 18:38:35,557     Exception : element not interactable
  (Session info: chrome=84.0.4147.125)
2020-08-25 18:38:35,557    USE_PROXY = false
2020-08-25 18:38:35,558    FREE_PROXY = false
2020-08-25 18:38:46,349     Exception : element not interactable
  (Session info: chrome=84.0.4147.125)
2020-08-25 18:38:46,349    USE_PROXY = false
2020-08-25 18:38:46,350    FREE_PROXY = false
2020-08-25 18:39:02,167     Exception : Not found element
2020-08-25 18:40:52,011    USE_PROXY = false
2020-08-25 18:40:52,012    FREE_PROXY = false
2020-08-25 18:41:13,643     Exception : element not interactable
  (Session info: chrome=84.0.4147.125)
2020-08-25 18:41:13,643    USE_PROXY = false
2020-08-25 18:41:13,644    FREE_PROXY = false
2020-08-25 18:41:32,803     Exception : Not found element
2020-08-25 18:42:31,233    USE_PROXY = false
2020-08-25 18:42:31,234    FREE_PROXY = false
2020-08-25 18:42:40,618     Exception : element not interactable
  (Session info: chrome=84.0.4147.125)
2020-08-25 18:42:40,619    USE_PROXY = false
2020-08-25 18:42:40,619    FREE_PROXY = false
2020-08-25 18:42:51,450     Exception : element not interactable
  (Session info: chrome=84.0.4147.125)
2020-08-25 18:44:28,678    USE_PROXY = false
2020-08-25 18:44:28,678    FREE_PROXY = false
2020-08-25 18:44:38,885     Exception : element not interactable
  (Session info: chrome=84.0.4147.125)
2020-08-25 18:44:38,886    USE_PROXY = false
2020-08-25 18:44:38,886    FREE_PROXY = false
2020-08-25 18:44:49,748     Exception : element not interactable
  (Session info: chrome=84.0.4147.125)
2020-08-25 18:45:36,613    USE_PROXY = false
2020-08-25 18:45:36,613    FREE_PROXY = false
2020-08-25 18:45:51,589    USE_PROXY = false
2020-08-25 18:45:51,589    FREE_PROXY = false
2020-08-25 18:46:05,848     Exception : Not found element
2020-08-25 18:46:05,849    USE_PROXY = false
2020-08-25 18:46:05,849    FREE_PROXY = false
2020-08-25 18:46:25,842     Exception : Not found element
2020-08-25 18:46:25,843    USE_PROXY = false
2020-08-25 18:46:25,843    FREE_PROXY = false
2020-08-25 18:46:51,160     Exception : Not found element
2020-08-25 18:53:22,754    USE_PROXY = false
2020-08-25 18:53:22,755    FREE_PROXY = false
2020-08-25 18:54:02,781    USE_PROXY = false
2020-08-25 18:54:02,782    FREE_PROXY = false
2020-08-25 19:12:01,276    USE_PROXY = false
2020-08-25 19:12:01,277    FREE_PROXY = false
2020-08-25 19:23:00,993    USE_PROXY = false
2020-08-25 19:23:00,994    FREE_PROXY = false
2020-08-25 19:23:51,648     Exception : element not interactable
  (Session info: chrome=84.0.4147.125)
2020-08-25 19:23:51,649    USE_PROXY = false
2020-08-25 19:23:51,649    FREE_PROXY = false
2020-08-25 19:24:05,797     Exception : Not found element
2020-08-25 19:24:05,798    USE_PROXY = false
2020-08-25 19:24:05,798    FREE_PROXY = false
2020-08-25 19:24:21,260     Exception : Not found element
2020-08-25 19:24:21,260    USE_PROXY = false
2020-08-25 19:24:21,261    FREE_PROXY = false
2020-08-25 19:33:18,955    USE_PROXY = false
2020-08-25 19:33:18,956    FREE_PROXY = false
2020-08-25 19:34:03,779     Exception : Not found element
2020-08-25 19:34:03,779    USE_PROXY = false
2020-08-25 19:34:03,780    FREE_PROXY = false
2020-08-25 19:34:20,786     Exception : Not found element
2020-08-25 19:34:20,787    USE_PROXY = false
2020-08-25 19:34:20,787    FREE_PROXY = false
2020-08-25 19:34:37,269     Exception : Not found element
2020-08-25 21:37:15,415    USE_PROXY = false
2020-08-25 21:37:15,417    FREE_PROXY = false
2020-08-25 21:37:36,517     Exception : Not found element
2020-08-25 21:37:36,517    USE_PROXY = false
2020-08-25 21:37:36,518    FREE_PROXY = false
2020-08-25 21:37:52,476     Exception : Not found element
2020-08-25 21:38:16,944    USE_PROXY = false
2020-08-25 21:38:16,946    FREE_PROXY = false
2020-08-25 21:38:45,997     Exception : element not interactable
  (Session info: chrome=84.0.4147.125)
2020-08-25 21:38:45,997    USE_PROXY = false
2020-08-25 21:38:45,998    FREE_PROXY = false
2020-08-25 21:39:00,189     Exception : Not found element
2020-08-25 21:45:10,571    USE_PROXY = false
2020-08-25 21:45:10,572    FREE_PROXY = false
2020-08-25 21:45:26,335     Exception : Not found element
2020-08-25 21:45:26,335    USE_PROXY = false
2020-08-25 21:45:26,336    FREE_PROXY = false
2020-08-25 21:45:51,081     Exception : Not found element
2020-08-25 21:45:53,985    USE_PROXY = false
2020-08-25 21:45:53,987    FREE_PROXY = false
2020-08-25 21:46:08,894     Exception : Not found element
2020-08-25 21:46:08,895    USE_PROXY = false
2020-08-25 21:46:08,896    FREE_PROXY = false
2020-08-25 21:46:26,881     Exception : Not found element
2020-08-25 21:47:35,254    USE_PROXY = false
2020-08-25 21:47:35,255    FREE_PROXY = false
2020-08-25 21:49:12,229    USE_PROXY = false
2020-08-25 21:49:12,230    FREE_PROXY = false
2020-08-25 21:49:49,078     Exception : element not interactable
  (Session info: chrome=84.0.4147.125)
2020-08-25 21:49:49,079    USE_PROXY = false
2020-08-25 21:49:49,079    FREE_PROXY = false
2020-08-25 21:52:56,522    USE_PROXY = false
2020-08-25 21:52:56,523    FREE_PROXY = false
2020-08-25 21:53:14,947     Exception : Not found element
2020-08-25 21:53:14,948    USE_PROXY = false
2020-08-25 21:53:14,948    FREE_PROXY = false
2020-08-25 21:53:36,798     Exception : Not found element
2020-08-25 21:54:14,343    USE_PROXY = false
2020-08-25 21:54:14,344    FREE_PROXY = false
2020-08-25 21:54:56,598     Exception : element not interactable
  (Session info: chrome=84.0.4147.125)
2020-08-25 21:54:56,599    USE_PROXY = false
2020-08-25 21:54:56,599    FREE_PROXY = false
2020-08-25 21:55:59,721     Exception : Not found element
2020-08-25 21:57:20,973    USE_PROXY = false
2020-08-25 21:57:20,974    FREE_PROXY = false
2020-08-25 21:58:23,257     Exception : element not interactable
  (Session info: chrome=84.0.4147.125)
2020-08-25 21:58:23,257    USE_PROXY = false
2020-08-25 21:58:23,258    FREE_PROXY = false
2020-08-25 22:04:45,977    USE_PROXY = false
2020-08-25 22:04:45,978    FREE_PROXY = false
2020-08-25 22:05:11,008     Exception : Not found element
2020-08-25 22:05:11,009    USE_PROXY = false
2020-08-25 22:05:11,009    FREE_PROXY = false
2020-08-25 22:05:27,670     Exception : Not found element
2020-08-25 22:05:27,671    USE_PROXY = false
2020-08-25 22:05:27,671    FREE_PROXY = false
2020-08-25 22:05:55,152    USE_PROXY = false
2020-08-25 22:05:55,153    FREE_PROXY = false
2020-08-25 22:06:34,191     Exception : Not found element
2020-08-25 22:06:34,192    USE_PROXY = false
2020-08-25 22:06:34,192    FREE_PROXY = false
2020-08-25 22:06:43,128     Exception : element not interactable
  (Session info: chrome=84.0.4147.125)
2020-08-25 22:06:43,128    USE_PROXY = false
2020-08-25 22:06:43,129    FREE_PROXY = false
2020-08-25 22:06:54,847     Exception : Not found element
2020-08-25 22:07:00,186     Exception : Not found element
2020-08-25 22:09:43,724    USE_PROXY = false
2020-08-25 22:09:43,725    FREE_PROXY = false
2020-08-25 22:10:04,085     Exception : Not found element
2020-08-25 22:10:04,086    USE_PROXY = false
2020-08-25 22:10:04,087    FREE_PROXY = false
2020-08-25 22:10:28,239     Exception : Not found element
2020-08-25 22:11:17,717    USE_PROXY = false
2020-08-25 22:11:17,718    FREE_PROXY = false
2020-08-25 22:11:46,324     Exception : Not found element
2020-08-25 22:11:46,325    USE_PROXY = false
2020-08-25 22:11:46,326    FREE_PROXY = false
2020-08-25 22:12:42,780     Exception : element not interactable
  (Session info: chrome=84.0.4147.125)
2020-08-25 22:12:42,781    USE_PROXY = false
2020-08-25 22:12:42,781    FREE_PROXY = false
2020-08-25 22:13:07,225     Exception : Not found element
2020-08-25 22:13:07,226    USE_PROXY = false
2020-08-25 22:13:07,226    FREE_PROXY = false
2020-08-25 22:13:30,882     Exception : Not found element
2020-08-25 22:13:30,883    USE_PROXY = false
2020-08-25 22:13:30,884    FREE_PROXY = false
2020-08-25 22:13:54,945     Exception : Not found element
2020-08-25 22:13:54,945    USE_PROXY = false
2020-08-25 22:13:54,946    FREE_PROXY = false
2020-08-25 22:14:17,127     Exception : Not found element
2020-08-25 22:14:17,128    USE_PROXY = false
2020-08-25 22:14:17,129    FREE_PROXY = false
2020-08-25 22:14:42,648     Exception : Not found element
2020-08-25 22:14:42,649    USE_PROXY = false
2020-08-25 22:14:42,649    FREE_PROXY = false
2020-08-25 22:15:09,001     Exception : Not found element
2020-08-25 22:15:09,002    USE_PROXY = false
2020-08-25 22:15:09,002    FREE_PROXY = false
2020-08-25 22:15:33,099     Exception : Not found element
2020-08-25 22:15:33,099    USE_PROXY = false
2020-08-25 22:15:33,100    FREE_PROXY = false
2020-08-25 22:17:49,769     Exception : Not found element
2020-08-25 22:27:43,127    USE_PROXY = false
2020-08-25 22:27:43,128    FREE_PROXY = false
2020-08-25 22:28:26,871     Exception : element not interactable
  (Session info: chrome=84.0.4147.125)
2020-08-25 22:28:26,871    USE_PROXY = false
2020-08-25 22:28:26,872    FREE_PROXY = false
2020-08-25 22:29:43,434     Exception : Not found element
2020-08-25 22:36:41,315    USE_PROXY = false
2020-08-25 22:36:41,315    FREE_PROXY = false
2020-08-25 22:37:36,970     Exception : Not found element
2020-08-25 22:37:36,971    USE_PROXY = false
2020-08-25 22:37:36,971    FREE_PROXY = false
2020-08-25 22:37:59,584     Exception : Not found element
2020-08-25 22:39:17,941    USE_PROXY = false
2020-08-25 22:39:17,942    FREE_PROXY = false
2020-08-25 22:39:55,027     Exception : Not found element
2020-08-25 22:39:55,028    USE_PROXY = false
2020-08-25 22:39:55,028    FREE_PROXY = false
2020-08-25 22:40:21,751     Exception : Not found element
2020-08-25 22:40:21,752    USE_PROXY = false
2020-08-25 22:40:21,752    FREE_PROXY = false
2020-08-25 22:40:41,743     Exception : Not found element
2020-08-25 22:40:41,743    USE_PROXY = false
2020-08-25 22:40:41,744    FREE_PROXY = false
2020-08-25 22:41:03,842    USE_PROXY = false
2020-08-25 22:41:03,844    FREE_PROXY = false
2020-08-25 22:41:47,045     Exception : Not found element
2020-08-25 22:41:47,046    USE_PROXY = false
2020-08-25 22:41:47,047    FREE_PROXY = false
2020-08-25 22:42:04,262     Exception : Not found element
2020-08-25 22:43:06,279    USE_PROXY = false
2020-08-25 22:43:06,280    FREE_PROXY = false
2020-08-25 22:43:40,729     Exception : Not found element
2020-08-25 22:43:40,730    USE_PROXY = false
2020-08-25 22:43:40,730    FREE_PROXY = false
2020-08-25 22:44:23,322     Exception : Not found element
2020-08-25 22:45:15,461    USE_PROXY = false
2020-08-25 22:45:15,461    FREE_PROXY = false
2020-08-25 22:46:04,685     Exception : Not found element
2020-08-25 22:46:04,685    USE_PROXY = false
2020-08-25 22:46:04,686    FREE_PROXY = false
2020-08-25 22:47:21,003     Exception : Not found element
2020-08-25 22:48:19,171    USE_PROXY = false
2020-08-25 22:48:19,171    FREE_PROXY = false
2020-08-25 22:48:57,658     Exception : Not found element
2020-08-25 22:48:57,659    USE_PROXY = false
2020-08-25 22:48:57,660    FREE_PROXY = false
2020-08-25 22:49:16,675     Exception : Not found element
2020-08-25 22:49:16,676    USE_PROXY = false
2020-08-25 22:49:16,676    FREE_PROXY = false
2020-08-25 22:49:41,450     Exception : Not found element
2020-08-25 22:49:41,450    USE_PROXY = false
2020-08-25 22:49:41,451    FREE_PROXY = false
2020-08-25 22:50:02,538     Exception : Not found element
2020-08-25 22:50:40,394    USE_PROXY = false
2020-08-25 22:50:40,394    FREE_PROXY = false
2020-08-25 22:51:12,687     Exception : Not found element
2020-08-25 22:51:12,688    USE_PROXY = false
2020-08-25 22:51:12,689    FREE_PROXY = false
2020-08-25 22:51:55,245    USE_PROXY = false
2020-08-25 22:51:55,246    FREE_PROXY = false
2020-08-25 22:52:43,796     Exception : Not found element
2020-08-25 22:52:43,797    USE_PROXY = false
2020-08-25 22:52:43,797    FREE_PROXY = false
2020-08-25 22:53:09,848    USE_PROXY = false
2020-08-25 22:53:09,850    FREE_PROXY = false
2020-08-25 22:58:20,162    USE_PROXY = false
2020-08-25 22:58:20,162    FREE_PROXY = false
2020-08-25 23:00:10,778    USE_PROXY = false
2020-08-25 23:00:10,779    FREE_PROXY = false
2020-08-25 23:51:45,413    USE_PROXY = false
2020-08-25 23:51:45,414    FREE_PROXY = false
2020-08-25 23:53:19,909     Exception : Not found element
2020-08-26 09:17:58,944    USE_PROXY = false
2020-08-26 09:17:58,944    FREE_PROXY = false
2020-08-26 09:18:37,647     Exception : Not found element
2020-08-26 09:18:37,647    USE_PROXY = false
2020-08-26 09:18:37,648    FREE_PROXY = false
2020-08-26 10:27:58,506    USE_PROXY = false
2020-08-26 10:27:58,506    FREE_PROXY = false
2020-08-26 10:28:44,269     Exception : Not found element
2020-08-26 10:28:44,269    USE_PROXY = false
2020-08-26 10:28:44,270    FREE_PROXY = false
2020-08-26 10:30:22,913    USE_PROXY = false
2020-08-26 10:30:22,914    FREE_PROXY = false
2020-08-26 11:08:58,913    USE_PROXY = false
2020-08-26 11:08:58,914    FREE_PROXY = false
2020-08-26 11:12:28,723    USE_PROXY = false
2020-08-26 11:12:28,724    FREE_PROXY = false
2020-08-26 11:13:29,082     Exception : element click intercepted: Element <a href="https://students-residents.aamc.org" role="menuitem" class="primary-navigation__url primary-navigation__caret-icon" tabindex="0">...</a> is not clickable at point (310, 248). Other element would receive the click: <div class="fsrModalBackdrop fsrAbandonButton" id="fsrFullScreenContainer" data-isbackdrop="true">...</div>
  (Session info: chrome=84.0.4147.125)
2020-08-26 11:13:29,082    USE_PROXY = false
2020-08-26 11:13:29,083    FREE_PROXY = false
2020-08-26 11:15:13,269     Exception : Not found element
2020-08-26 11:16:48,868    USE_PROXY = false
2020-08-26 11:16:48,869    FREE_PROXY = false
2020-08-26 11:31:29,204    USE_PROXY = false
2020-08-26 11:31:29,205    FREE_PROXY = false
2020-08-26 11:32:06,991     Exception : Not found element
2020-08-26 11:32:06,991    USE_PROXY = false
2020-08-26 11:32:06,992    FREE_PROXY = false
2020-08-26 11:32:19,968     Exception : Not found element
2020-08-26 11:33:22,856    USE_PROXY = false
2020-08-26 11:33:22,857    FREE_PROXY = false
2020-08-26 11:33:32,500     Exception : Not found element
2020-08-26 11:33:32,501    USE_PROXY = false
2020-08-26 11:33:32,501    FREE_PROXY = false
2020-08-26 11:33:41,184     Exception : Not found element
2020-08-26 11:33:41,184    USE_PROXY = false
2020-08-26 11:33:41,185    FREE_PROXY = false
2020-08-26 11:33:52,793     Exception : Not found element
2020-08-26 11:33:52,793    USE_PROXY = false
2020-08-26 11:33:52,794    FREE_PROXY = false
2020-08-26 11:34:03,404     Exception : Not found element
2020-08-26 11:34:17,778    USE_PROXY = false
2020-08-26 11:34:17,779    FREE_PROXY = false
2020-08-26 11:37:19,593    USE_PROXY = false
2020-08-26 11:37:19,594    FREE_PROXY = false
2020-08-26 11:38:07,819    USE_PROXY = false
2020-08-26 11:38:07,820    FREE_PROXY = false
2020-08-26 11:39:29,721    USE_PROXY = false
2020-08-26 11:39:29,722    FREE_PROXY = false
2020-08-26 11:40:00,674     Exception : Not found element
2020-08-26 11:40:00,675    USE_PROXY = false
2020-08-26 11:40:00,676    FREE_PROXY = false
2020-08-26 11:40:14,302     Exception : Not found element
2020-08-26 11:40:14,302    USE_PROXY = false
2020-08-26 11:40:14,303    FREE_PROXY = false
2020-08-26 11:40:24,399     Exception : Not found element
2020-08-26 11:46:32,917    USE_PROXY = false
2020-08-26 11:46:32,917    FREE_PROXY = false
2020-08-26 11:48:53,636     Exception : Not found element
2020-08-26 11:48:53,637    USE_PROXY = false
2020-08-26 11:48:53,638    FREE_PROXY = false
2020-08-26 11:49:03,994     Exception : Not found element
2020-08-26 12:01:13,712    USE_PROXY = false
2020-08-26 12:01:13,713    FREE_PROXY = false
2020-08-26 12:03:45,197     Exception : Not found element
2020-08-26 12:03:45,198    USE_PROXY = false
2020-08-26 12:03:45,198    FREE_PROXY = false
2020-08-26 12:03:55,080     Exception : Not found element
2020-08-26 12:05:39,171    USE_PROXY = false
2020-08-26 12:05:39,171    FREE_PROXY = false
2020-08-26 12:06:43,205     Exception : Not found element
2020-08-26 12:06:43,206    USE_PROXY = false
2020-08-26 12:06:43,206    FREE_PROXY = false
2020-08-26 12:06:51,112     Exception : Not found element
2020-08-26 12:06:51,113    USE_PROXY = false
2020-08-26 12:06:51,113    FREE_PROXY = false
2020-08-26 12:09:17,720    USE_PROXY = false
2020-08-26 12:09:17,721    FREE_PROXY = false
2020-08-26 12:09:58,587     Exception : Not found element
2020-08-26 12:11:04,978    USE_PROXY = false
2020-08-26 12:11:04,979    FREE_PROXY = false
2020-08-26 12:11:52,897     Exception : Not found element
2020-08-26 12:12:09,981    USE_PROXY = false
2020-08-26 12:12:09,982    FREE_PROXY = false
2020-08-26 12:12:20,025     Exception : Not found element
2020-08-26 12:12:43,375    USE_PROXY = false
2020-08-26 12:12:43,376    FREE_PROXY = false
2020-08-26 12:14:38,577    USE_PROXY = false
2020-08-26 12:14:38,578    FREE_PROXY = false
2020-08-26 12:15:30,764    USE_PROXY = false
2020-08-26 12:15:30,765    FREE_PROXY = false
2020-08-26 12:17:26,958    USE_PROXY = false
2020-08-26 12:17:26,959    FREE_PROXY = false
2020-08-26 12:18:55,775    USE_PROXY = false
2020-08-26 12:18:55,775    FREE_PROXY = false
2020-08-26 12:19:40,549     Exception : javascript error: Failed to execute 'elementsFromPoint' on 'Document': The provided double value is non-finite.
  (Session info: chrome=84.0.4147.125)
2020-08-26 13:00:20,992    USE_PROXY = false
2020-08-26 13:00:20,993    FREE_PROXY = false
2020-08-26 13:01:09,968     Exception : javascript error: Failed to execute 'elementsFromPoint' on 'Document': The provided double value is non-finite.
  (Session info: chrome=84.0.4147.125)
2020-08-26 13:02:55,951    USE_PROXY = false
2020-08-26 13:02:55,952    FREE_PROXY = false
2020-08-26 13:03:40,770     Exception : Not found element
2020-08-26 13:04:25,568    USE_PROXY = false
2020-08-26 13:04:25,569    FREE_PROXY = false
2020-08-26 13:10:48,748    USE_PROXY = false
2020-08-26 13:10:48,748    FREE_PROXY = false
2020-08-26 13:11:26,571     Exception : Not found element
2020-08-26 13:13:14,203    USE_PROXY = false
2020-08-26 13:13:14,204    FREE_PROXY = false
2020-08-26 13:14:17,189     Exception : Not found element
2020-08-26 13:14:56,368    USE_PROXY = false
2020-08-26 13:14:56,369    FREE_PROXY = false
2020-08-26 13:16:08,323     Exception : Not found element
2020-08-26 13:20:53,664    USE_PROXY = false
2020-08-26 13:20:53,664    FREE_PROXY = false
2020-08-26 13:21:37,955     Exception : element click intercepted: Element <a target="_blank" class="promo-link link-button" href="https://apps.aamc.org/mrs/">...</a> is not clickable at point (1309, 497). Other element would receive the click: <div class="fsrModalBackdrop fsrAbandonButton" id="fsrFullScreenContainer" data-isbackdrop="true">...</div>
  (Session info: chrome=84.0.4147.125)
2020-08-26 13:23:25,371    USE_PROXY = false
2020-08-26 13:23:25,372    FREE_PROXY = false
2020-08-26 16:15:44,956    USE_PROXY = false
2020-08-26 16:15:44,957    FREE_PROXY = false
2020-08-26 16:17:51,115     Exception : element click intercepted: Element <a tabindex="9" ng-if="$ctrl.dashboard.currentRegistration.currentRegExamDateList.length > 0 &amp;&amp; $ctrl.reservationLockType !== 'MCAT_SEASON_CLOSED' &amp;&amp; $ctrl.reservationLockType !== 'VENDOR_SSO_DISABLED'" class="details btn btn-primary text-xs-left ng-scope" href="#/dashboard/15094810/integration/direct/" ui-sref="home.dashboard.integration.sso({actionType: ''})">...</a> is not clickable at point (1380, 663). Other element would receive the click: <div id="loading-spinner-backdrop"></div>
  (Session info: chrome=84.0.4147.125)
2020-08-26 16:26:25,128    USE_PROXY = false
2020-08-26 16:26:25,129    FREE_PROXY = false
2020-08-26 16:26:45,696     Exception : Not found element
2020-08-26 16:32:17,282    USE_PROXY = false
2020-08-26 16:32:17,283    FREE_PROXY = false
2020-08-26 16:34:49,382    USE_PROXY = false
2020-08-26 16:34:49,383    FREE_PROXY = false
2020-08-26 16:38:45,239    USE_PROXY = false
2020-08-26 16:38:45,240    FREE_PROXY = false
2020-08-26 16:41:58,563    USE_PROXY = false
2020-08-26 16:41:58,563    FREE_PROXY = false
2020-08-26 16:46:09,300    USE_PROXY = false
2020-08-26 16:46:09,300    FREE_PROXY = false
2020-08-26 16:49:39,030    USE_PROXY = false
2020-08-26 16:49:39,031    FREE_PROXY = false
2020-08-26 16:51:38,242    USE_PROXY = false
2020-08-26 16:51:38,243    FREE_PROXY = false
2020-08-26 16:51:47,129    USE_PROXY = false
2020-08-26 16:51:47,130    FREE_PROXY = false
2020-08-26 16:53:50,335    USE_PROXY = false
2020-08-26 16:53:50,335    FREE_PROXY = false
2020-08-26 16:57:17,264    USE_PROXY = false
2020-08-26 16:57:17,264    FREE_PROXY = false
2020-08-26 16:58:20,003     Exception : Not found element
2020-08-26 16:58:41,171    USE_PROXY = false
2020-08-26 16:58:41,172    FREE_PROXY = false
2020-08-26 17:06:11,233    USE_PROXY = false
2020-08-26 17:06:11,233    FREE_PROXY = false
2020-08-26 17:35:27,480    USE_PROXY = false
2020-08-26 17:35:27,480    FREE_PROXY = false
2020-08-26 17:37:29,196     Exception : Not found element
2020-08-26 17:38:04,109    USE_PROXY = false
2020-08-26 17:38:04,110    FREE_PROXY = false
2020-08-26 17:39:47,889     Exception : Not found element
2020-08-26 17:40:48,504    USE_PROXY = false
2020-08-26 17:40:48,505    FREE_PROXY = false
2020-08-26 17:40:55,840     Exception : Not found element
2020-08-26 17:41:06,902    USE_PROXY = false
2020-08-26 17:41:06,903    FREE_PROXY = false
2020-08-26 17:42:34,109     Exception : Not found element
2020-08-26 17:47:30,280    USE_PROXY = false
2020-08-26 17:47:30,281    FREE_PROXY = false
2020-08-26 17:50:26,602     Exception : Not found element
2020-08-26 17:51:05,538    USE_PROXY = false
2020-08-26 17:51:05,539    FREE_PROXY = false
2020-08-26 17:51:18,867    USE_PROXY = false
2020-08-26 17:51:18,868    FREE_PROXY = false
2020-08-26 17:52:28,749     Exception : Not found element
2020-08-26 17:57:44,767    USE_PROXY = false
2020-08-26 17:57:44,768    FREE_PROXY = false
2020-08-26 17:57:59,641     Exception : Not found element
2020-08-26 17:59:14,809    USE_PROXY = false
2020-08-26 17:59:14,810    FREE_PROXY = false
2020-08-26 18:00:00,759     Exception : Not found element
2020-08-26 18:00:25,610    USE_PROXY = false
2020-08-26 18:00:25,611    FREE_PROXY = false
2020-08-26 18:02:11,839     Exception : Not found element
2020-08-26 18:03:30,555    USE_PROXY = false
2020-08-26 18:03:30,556    FREE_PROXY = false
2020-08-26 18:05:19,167     Exception : Not found element
2020-08-26 18:16:24,852    USE_PROXY = false
2020-08-26 18:16:24,853    FREE_PROXY = false
2020-08-26 18:17:05,435    USE_PROXY = false
2020-08-26 18:17:05,436    FREE_PROXY = false
2020-08-26 18:17:14,761     Exception : Not found element
2020-08-26 18:18:13,881    USE_PROXY = false
2020-08-26 18:18:13,882    FREE_PROXY = false
2020-08-26 18:19:13,963     Exception : Not found element
2020-08-26 18:23:15,629     Exception : Not found element
2020-08-26 18:28:27,653    USE_PROXY = false
2020-08-26 18:28:27,654    FREE_PROXY = false
2020-08-26 18:33:07,539     Exception : Not found element
2020-08-26 18:42:49,387    USE_PROXY = false
2020-08-26 18:42:49,388    FREE_PROXY = false
2020-08-26 18:43:20,146     Exception : Not found element
2020-08-26 18:44:30,312    USE_PROXY = false
2020-08-26 18:44:30,314    FREE_PROXY = false
2020-08-26 18:44:55,039     Exception : Not found element
2020-08-26 18:45:39,789    USE_PROXY = false
2020-08-26 18:45:39,790    FREE_PROXY = false
2020-08-26 18:46:10,929     Exception : Not found element
2020-08-26 18:48:24,119    USE_PROXY = false
2020-08-26 18:48:24,120    FREE_PROXY = false
2020-08-26 18:51:59,838     Exception : Not found element
2020-08-26 18:53:30,891    USE_PROXY = false
2020-08-26 18:53:30,891    FREE_PROXY = false
2020-08-26 18:55:43,453     Exception : Not found element
2020-08-26 19:05:13,038    USE_PROXY = false
2020-08-26 19:05:13,039    FREE_PROXY = false
2020-08-26 19:07:15,611     Exception : Not found element
2020-08-26 19:08:25,879    USE_PROXY = false
2020-08-26 19:08:25,880    FREE_PROXY = false
2020-08-26 19:10:46,477     Exception : Not found element
2020-08-26 19:14:14,219    USE_PROXY = false
2020-08-26 19:14:14,220    FREE_PROXY = false
2020-08-26 19:16:45,599     Exception : Not found element
2020-08-26 19:18:04,441    USE_PROXY = false
2020-08-26 19:18:04,442    FREE_PROXY = false
2020-08-26 19:23:05,849    USE_PROXY = false
2020-08-26 19:23:05,849    FREE_PROXY = false
2020-08-26 19:23:13,798     Exception : Not found element
2020-08-26 19:25:04,010    USE_PROXY = false
2020-08-26 19:25:04,011    FREE_PROXY = false
2020-08-26 19:29:39,952    USE_PROXY = false
2020-08-26 19:29:39,953    FREE_PROXY = false
2020-08-26 20:09:18,875    USE_PROXY = false
2020-08-26 20:09:18,875    FREE_PROXY = false
2020-08-26 20:10:49,184     Exception : month must be in 1..12
2020-08-26 20:12:29,463    USE_PROXY = false
2020-08-26 20:12:29,463    FREE_PROXY = false
2020-08-26 20:13:00,584    USE_PROXY = false
2020-08-26 20:13:00,585    FREE_PROXY = false
2020-08-26 20:14:14,289     Exception : element click intercepted: Element <a href="/testtaker/registration/Dashboard.htm?actionMethod=testtaker%2Fregistration%2FDashboard.xhtml%3AdashBoardPageBean.viewRegistrationDetailAction%28%29&amp;clientCode=AAMC&amp;conversationId=785096&amp;regId=375956540" id="j_id_4r_2_1_0_4" type="submit" onclick="preventSecondClick(event);" title="...">MCAT: Medical College Admission Test</a> is not clickable at point (555, 342). Other element would receive the click: <div class="ui-widget-overlay ui-front" style="z-index: 100;"></div>
  (Session info: chrome=84.0.4147.125)
2020-08-26 20:16:56,011    USE_PROXY = false
2020-08-26 20:16:56,011    FREE_PROXY = false
2020-08-26 20:19:01,616     Exception : month must be in 1..12
2020-08-26 20:26:55,118    USE_PROXY = false
2020-08-26 20:26:55,119    FREE_PROXY = false
2020-08-26 20:27:38,284    USE_PROXY = false
2020-08-26 20:27:38,285    FREE_PROXY = false
2020-08-26 20:28:12,415    USE_PROXY = false
2020-08-26 20:28:12,415    FREE_PROXY = false
2020-08-26 20:31:14,439     Exception : Not found element
2020-08-26 20:32:29,345     Exception : Not found element
2020-08-26 20:33:36,668    USE_PROXY = false
2020-08-26 20:33:36,668    FREE_PROXY = false
2020-08-26 20:34:30,792    USE_PROXY = false
2020-08-26 20:34:30,793    FREE_PROXY = false
2020-08-26 20:35:27,385     Exception : Not found element
2020-08-26 20:35:45,791    USE_PROXY = false
2020-08-26 20:35:45,792    FREE_PROXY = false
2020-08-26 20:36:27,061    USE_PROXY = false
2020-08-26 20:36:27,062    FREE_PROXY = false
2020-08-26 20:37:16,122    USE_PROXY = false
2020-08-26 20:37:16,123    FREE_PROXY = false
2020-08-26 20:37:33,336     Exception : stale element reference: element is not attached to the page document
  (Session info: chrome=84.0.4147.125)
2020-08-26 20:37:55,260    USE_PROXY = false
2020-08-26 20:37:55,261    FREE_PROXY = false
2020-08-26 20:38:10,601     Exception : stale element reference: element is not attached to the page document
  (Session info: chrome=84.0.4147.125)
2020-08-26 20:41:41,267    USE_PROXY = false
2020-08-26 20:41:41,267    FREE_PROXY = false
2020-08-26 20:42:30,548     Exception : Not found element
2020-08-26 20:42:51,659    USE_PROXY = false
2020-08-26 20:42:51,660    FREE_PROXY = false
2020-08-26 20:43:06,962     Exception : stale element reference: element is not attached to the page document
  (Session info: chrome=84.0.4147.125)
2020-08-26 20:44:35,215    USE_PROXY = false
2020-08-26 20:44:35,216    FREE_PROXY = false
2020-08-26 20:44:51,924     Exception : stale element reference: element is not attached to the page document
  (Session info: chrome=84.0.4147.125)
2020-08-26 20:46:39,095    USE_PROXY = false
2020-08-26 20:46:39,096    FREE_PROXY = false
2020-08-26 20:48:12,422    USE_PROXY = false
2020-08-26 20:48:12,423    FREE_PROXY = false
2020-08-26 20:56:54,167    USE_PROXY = false
2020-08-26 20:56:54,168    FREE_PROXY = false
