2020-08-20 17:00:47,191     Exception : stale element reference: element is not attached to the page document
  (Session info: chrome=84.0.4147.125)
2020-08-20 17:00:47,513     Exception : stale element reference: element is not attached to the page document
  (Session info: chrome=84.0.4147.125)
2020-08-20 17:00:47,808     Exception : stale element reference: element is not attached to the page document
  (Session info: chrome=84.0.4147.125)
2020-08-20 17:00:48,119     Exception : stale element reference: element is not attached to the page document
  (Session info: chrome=84.0.4147.125)
2020-08-20 17:00:48,425     Exception : stale element reference: element is not attached to the page document
  (Session info: chrome=84.0.4147.125)
2020-08-20 17:00:48,984     Exception : stale element reference: element is not attached to the page document
  (Session info: chrome=84.0.4147.125)
2020-08-20 17:00:49,411     Exception : stale element reference: element is not attached to the page document
  (Session info: chrome=84.0.4147.125)
2020-08-20 17:00:49,816     Exception : stale element reference: element is not attached to the page document
  (Session info: chrome=84.0.4147.125)
2020-08-20 17:00:50,227     Exception : stale element reference: element is not attached to the page document
  (Session info: chrome=84.0.4147.125)
2020-08-20 17:00:50,545     Exception : stale element reference: element is not attached to the page document
  (Session info: chrome=84.0.4147.125)
2020-08-20 17:00:50,946     Exception : stale element reference: element is not attached to the page document
  (Session info: chrome=84.0.4147.125)
2020-08-20 17:00:51,493     Exception : stale element reference: element is not attached to the page document
  (Session info: chrome=84.0.4147.125)
2020-08-20 17:00:51,830     Exception : stale element reference: element is not attached to the page document
  (Session info: chrome=84.0.4147.125)
2020-08-20 17:00:52,395     Exception : stale element reference: element is not attached to the page document
  (Session info: chrome=84.0.4147.125)
2020-08-20 17:00:52,909     Exception : stale element reference: element is not attached to the page document
  (Session info: chrome=84.0.4147.125)
2020-08-20 17:00:53,885     Exception : stale element reference: element is not attached to the page document
  (Session info: chrome=84.0.4147.125)
2020-08-20 17:00:55,112     Exception : stale element reference: element is not attached to the page document
  (Session info: chrome=84.0.4147.125)
2020-08-20 17:00:55,719     Exception : stale element reference: element is not attached to the page document
  (Session info: chrome=84.0.4147.125)
2020-08-20 17:00:56,462     Exception : stale element reference: element is not attached to the page document
  (Session info: chrome=84.0.4147.125)
2020-08-20 17:00:56,977     Exception : stale element reference: element is not attached to the page document
  (Session info: chrome=84.0.4147.125)
2020-08-20 17:00:57,429     Exception : stale element reference: element is not attached to the page document
  (Session info: chrome=84.0.4147.125)
2020-08-20 17:00:57,944     Exception : stale element reference: element is not attached to the page document
  (Session info: chrome=84.0.4147.125)
2020-08-20 17:00:58,432     Exception : stale element reference: element is not attached to the page document
  (Session info: chrome=84.0.4147.125)
2020-08-20 17:00:58,913     Exception : stale element reference: element is not attached to the page document
  (Session info: chrome=84.0.4147.125)
2020-08-20 17:00:59,241     Exception : stale element reference: element is not attached to the page document
  (Session info: chrome=84.0.4147.125)
2020-08-20 17:00:59,579     Exception : stale element reference: element is not attached to the page document
  (Session info: chrome=84.0.4147.125)
2020-08-20 17:00:59,924     Exception : stale element reference: element is not attached to the page document
  (Session info: chrome=84.0.4147.125)
2020-08-20 17:01:00,259     Exception : stale element reference: element is not attached to the page document
  (Session info: chrome=84.0.4147.125)
2020-08-20 17:01:00,543     Exception : stale element reference: element is not attached to the page document
  (Session info: chrome=84.0.4147.125)
2020-08-20 17:01:00,961     Exception : stale element reference: element is not attached to the page document
  (Session info: chrome=84.0.4147.125)
2020-08-20 17:01:01,291     Exception : stale element reference: element is not attached to the page document
  (Session info: chrome=84.0.4147.125)
2020-08-20 17:01:01,611     Exception : stale element reference: element is not attached to the page document
  (Session info: chrome=84.0.4147.125)
2020-08-20 17:01:01,917     Exception : stale element reference: element is not attached to the page document
  (Session info: chrome=84.0.4147.125)
2020-08-20 17:01:02,280     Exception : stale element reference: element is not attached to the page document
  (Session info: chrome=84.0.4147.125)
2020-08-20 17:01:02,611     Exception : stale element reference: element is not attached to the page document
  (Session info: chrome=84.0.4147.125)
2020-08-20 17:01:02,939     Exception : stale element reference: element is not attached to the page document
  (Session info: chrome=84.0.4147.125)
2020-08-20 17:01:03,326     Exception : stale element reference: element is not attached to the page document
  (Session info: chrome=84.0.4147.125)
2020-08-20 17:01:03,658     Exception : stale element reference: element is not attached to the page document
  (Session info: chrome=84.0.4147.125)
2020-08-20 17:01:03,976     Exception : stale element reference: element is not attached to the page document
  (Session info: chrome=84.0.4147.125)
2020-08-20 17:01:04,327     Exception : stale element reference: element is not attached to the page document
  (Session info: chrome=84.0.4147.125)
2020-08-20 17:01:04,698     Exception : stale element reference: element is not attached to the page document
  (Session info: chrome=84.0.4147.125)
2020-08-20 17:01:05,045     Exception : stale element reference: element is not attached to the page document
  (Session info: chrome=84.0.4147.125)
2020-08-20 17:01:05,393     Exception : stale element reference: element is not attached to the page document
  (Session info: chrome=84.0.4147.125)
2020-08-20 17:01:05,776     Exception : stale element reference: element is not attached to the page document
  (Session info: chrome=84.0.4147.125)
2020-08-20 17:01:06,096     Exception : stale element reference: element is not attached to the page document
  (Session info: chrome=84.0.4147.125)
2020-08-20 17:01:06,492     Exception : stale element reference: element is not attached to the page document
  (Session info: chrome=84.0.4147.125)
2020-08-20 17:01:06,991     Exception : stale element reference: element is not attached to the page document
  (Session info: chrome=84.0.4147.125)
2020-08-20 17:01:07,343     Exception : stale element reference: element is not attached to the page document
  (Session info: chrome=84.0.4147.125)
2020-08-20 17:01:07,711     Exception : stale element reference: element is not attached to the page document
  (Session info: chrome=84.0.4147.125)
2020-08-20 17:01:08,097     Exception : stale element reference: element is not attached to the page document
  (Session info: chrome=84.0.4147.125)
2020-08-20 17:01:08,465     Exception : stale element reference: element is not attached to the page document
  (Session info: chrome=84.0.4147.125)
2020-08-20 17:01:08,919     Exception : stale element reference: element is not attached to the page document
  (Session info: chrome=84.0.4147.125)
2020-08-20 17:01:09,497     Exception : stale element reference: element is not attached to the page document
  (Session info: chrome=84.0.4147.125)
2020-08-20 17:01:10,077     Exception : stale element reference: element is not attached to the page document
  (Session info: chrome=84.0.4147.125)
2020-08-20 17:01:10,629     Exception : stale element reference: element is not attached to the page document
  (Session info: chrome=84.0.4147.125)
2020-08-20 17:01:10,997     Exception : stale element reference: element is not attached to the page document
  (Session info: chrome=84.0.4147.125)
2020-08-20 17:01:11,397     Exception : stale element reference: element is not attached to the page document
  (Session info: chrome=84.0.4147.125)
2020-08-20 17:01:11,977     Exception : stale element reference: element is not attached to the page document
  (Session info: chrome=84.0.4147.125)
2020-08-20 17:01:12,330     Exception : stale element reference: element is not attached to the page document
  (Session info: chrome=84.0.4147.125)
2020-08-20 17:01:12,730     Exception : stale element reference: element is not attached to the page document
  (Session info: chrome=84.0.4147.125)
2020-08-20 17:01:13,163     Exception : stale element reference: element is not attached to the page document
  (Session info: chrome=84.0.4147.125)
2020-08-20 17:01:13,643     Exception : stale element reference: element is not attached to the page document
  (Session info: chrome=84.0.4147.125)
2020-08-20 17:01:13,993     Exception : stale element reference: element is not attached to the page document
  (Session info: chrome=84.0.4147.125)
2020-08-20 17:01:14,379     Exception : stale element reference: element is not attached to the page document
  (Session info: chrome=84.0.4147.125)
2020-08-20 17:01:14,812     Exception : stale element reference: element is not attached to the page document
  (Session info: chrome=84.0.4147.125)
2020-08-20 17:01:15,194     Exception : stale element reference: element is not attached to the page document
  (Session info: chrome=84.0.4147.125)
2020-08-20 17:01:15,575     Exception : stale element reference: element is not attached to the page document
  (Session info: chrome=84.0.4147.125)
2020-08-20 17:01:15,994     Exception : stale element reference: element is not attached to the page document
  (Session info: chrome=84.0.4147.125)
2020-08-20 17:01:16,482     Exception : stale element reference: element is not attached to the page document
  (Session info: chrome=84.0.4147.125)
2020-08-20 17:01:16,879     Exception : stale element reference: element is not attached to the page document
  (Session info: chrome=84.0.4147.125)
2020-08-20 17:01:17,227     Exception : stale element reference: element is not attached to the page document
  (Session info: chrome=84.0.4147.125)
2020-08-20 17:01:17,645     Exception : stale element reference: element is not attached to the page document
  (Session info: chrome=84.0.4147.125)
2020-08-20 17:01:18,062     Exception : stale element reference: element is not attached to the page document
  (Session info: chrome=84.0.4147.125)
2020-08-20 17:01:18,442     Exception : stale element reference: element is not attached to the page document
  (Session info: chrome=84.0.4147.125)
2020-08-20 17:01:18,845     Exception : stale element reference: element is not attached to the page document
  (Session info: chrome=84.0.4147.125)
2020-08-20 17:01:19,244     Exception : stale element reference: element is not attached to the page document
  (Session info: chrome=84.0.4147.125)
2020-08-20 17:01:19,598     Exception : stale element reference: element is not attached to the page document
  (Session info: chrome=84.0.4147.125)
2020-08-20 17:01:19,994     Exception : stale element reference: element is not attached to the page document
  (Session info: chrome=84.0.4147.125)
2020-08-20 17:01:20,377     Exception : stale element reference: element is not attached to the page document
  (Session info: chrome=84.0.4147.125)
2020-08-20 17:01:20,839     Exception : stale element reference: element is not attached to the page document
  (Session info: chrome=84.0.4147.125)
2020-08-20 17:01:21,378     Exception : stale element reference: element is not attached to the page document
  (Session info: chrome=84.0.4147.125)
2020-08-20 17:01:21,954     Exception : stale element reference: element is not attached to the page document
  (Session info: chrome=84.0.4147.125)
2020-08-20 17:01:22,357     Exception : stale element reference: element is not attached to the page document
  (Session info: chrome=84.0.4147.125)
2020-08-20 17:01:22,745     Exception : stale element reference: element is not attached to the page document
  (Session info: chrome=84.0.4147.125)
2020-08-20 17:01:23,194     Exception : stale element reference: element is not attached to the page document
  (Session info: chrome=84.0.4147.125)
2020-08-20 17:01:23,560     Exception : stale element reference: element is not attached to the page document
  (Session info: chrome=84.0.4147.125)
2020-08-20 17:01:24,183     Exception : stale element reference: element is not attached to the page document
  (Session info: chrome=84.0.4147.125)
2020-08-20 17:01:25,147     Exception : stale element reference: element is not attached to the page document
  (Session info: chrome=84.0.4147.125)
2020-08-20 17:01:25,891     Exception : stale element reference: element is not attached to the page document
  (Session info: chrome=84.0.4147.125)
2020-08-20 17:01:26,615     Exception : stale element reference: element is not attached to the page document
  (Session info: chrome=84.0.4147.125)
2020-08-20 17:01:27,198     Exception : stale element reference: element is not attached to the page document
  (Session info: chrome=84.0.4147.125)
2020-08-20 17:01:27,833     Exception : stale element reference: element is not attached to the page document
  (Session info: chrome=84.0.4147.125)
2020-08-20 17:01:28,261     Exception : stale element reference: element is not attached to the page document
  (Session info: chrome=84.0.4147.125)
2020-08-20 17:01:28,729     Exception : stale element reference: element is not attached to the page document
  (Session info: chrome=84.0.4147.125)
2020-08-20 17:01:29,200     Exception : stale element reference: element is not attached to the page document
  (Session info: chrome=84.0.4147.125)
2020-08-20 17:01:29,803     Exception : stale element reference: element is not attached to the page document
  (Session info: chrome=84.0.4147.125)
2020-08-20 17:01:30,295     Exception : stale element reference: element is not attached to the page document
  (Session info: chrome=84.0.4147.125)
2020-08-20 17:01:30,890     Exception : stale element reference: element is not attached to the page document
  (Session info: chrome=84.0.4147.125)
2020-08-20 17:01:31,443     Exception : stale element reference: element is not attached to the page document
  (Session info: chrome=84.0.4147.125)
2020-08-20 17:01:31,888     Exception : stale element reference: element is not attached to the page document
  (Session info: chrome=84.0.4147.125)
2020-08-20 17:01:32,361     Exception : stale element reference: element is not attached to the page document
  (Session info: chrome=84.0.4147.125)
2020-08-20 17:01:32,917     Exception : stale element reference: element is not attached to the page document
  (Session info: chrome=84.0.4147.125)
2020-08-20 17:01:33,461     Exception : stale element reference: element is not attached to the page document
  (Session info: chrome=84.0.4147.125)
2020-08-20 17:01:34,016     Exception : stale element reference: element is not attached to the page document
  (Session info: chrome=84.0.4147.125)
2020-08-20 17:01:34,484     Exception : stale element reference: element is not attached to the page document
  (Session info: chrome=84.0.4147.125)
2020-08-20 17:01:34,990     Exception : stale element reference: element is not attached to the page document
  (Session info: chrome=84.0.4147.125)
2020-08-20 17:01:35,494     Exception : stale element reference: element is not attached to the page document
  (Session info: chrome=84.0.4147.125)
2020-08-20 17:01:35,948     Exception : stale element reference: element is not attached to the page document
  (Session info: chrome=84.0.4147.125)
2020-08-20 17:01:36,448     Exception : stale element reference: element is not attached to the page document
  (Session info: chrome=84.0.4147.125)
2020-08-20 17:01:36,948     Exception : stale element reference: element is not attached to the page document
  (Session info: chrome=84.0.4147.125)
2020-08-20 17:01:37,585     Exception : stale element reference: element is not attached to the page document
  (Session info: chrome=84.0.4147.125)
2020-08-20 17:01:38,076     Exception : stale element reference: element is not attached to the page document
  (Session info: chrome=84.0.4147.125)
2020-08-20 17:01:38,638     Exception : stale element reference: element is not attached to the page document
  (Session info: chrome=84.0.4147.125)
2020-08-20 17:01:39,160     Exception : stale element reference: element is not attached to the page document
  (Session info: chrome=84.0.4147.125)
2020-08-20 17:01:39,695     Exception : stale element reference: element is not attached to the page document
  (Session info: chrome=84.0.4147.125)
2020-08-20 17:01:40,371     Exception : stale element reference: element is not attached to the page document
  (Session info: chrome=84.0.4147.125)
2020-08-20 17:01:40,860     Exception : stale element reference: element is not attached to the page document
  (Session info: chrome=84.0.4147.125)
2020-08-20 17:01:41,439     Exception : stale element reference: element is not attached to the page document
  (Session info: chrome=84.0.4147.125)
2020-08-20 17:01:42,061     Exception : stale element reference: element is not attached to the page document
  (Session info: chrome=84.0.4147.125)
2020-08-20 17:01:42,682     Exception : stale element reference: element is not attached to the page document
  (Session info: chrome=84.0.4147.125)
2020-08-20 17:01:43,141     Exception : stale element reference: element is not attached to the page document
  (Session info: chrome=84.0.4147.125)
2020-08-20 17:01:43,663     Exception : stale element reference: element is not attached to the page document
  (Session info: chrome=84.0.4147.125)
2020-08-20 17:01:44,117     Exception : stale element reference: element is not attached to the page document
  (Session info: chrome=84.0.4147.125)
2020-08-20 17:01:44,580     Exception : stale element reference: element is not attached to the page document
  (Session info: chrome=84.0.4147.125)
2020-08-20 17:01:45,102     Exception : stale element reference: element is not attached to the page document
  (Session info: chrome=84.0.4147.125)
2020-08-20 17:01:45,680     Exception : stale element reference: element is not attached to the page document
  (Session info: chrome=84.0.4147.125)
2020-08-20 17:01:46,212     Exception : stale element reference: element is not attached to the page document
  (Session info: chrome=84.0.4147.125)
2020-08-20 17:01:46,660     Exception : stale element reference: element is not attached to the page document
  (Session info: chrome=84.0.4147.125)
2020-08-20 17:01:47,274     Exception : stale element reference: element is not attached to the page document
  (Session info: chrome=84.0.4147.125)
2020-08-20 17:01:47,763     Exception : stale element reference: element is not attached to the page document
  (Session info: chrome=84.0.4147.125)
2020-08-20 17:01:48,235     Exception : stale element reference: element is not attached to the page document
  (Session info: chrome=84.0.4147.125)
2020-08-20 17:01:48,748     Exception : stale element reference: element is not attached to the page document
  (Session info: chrome=84.0.4147.125)
2020-08-20 17:01:49,215     Exception : stale element reference: element is not attached to the page document
  (Session info: chrome=84.0.4147.125)
2020-08-20 17:01:49,745     Exception : stale element reference: element is not attached to the page document
  (Session info: chrome=84.0.4147.125)
2020-08-20 17:01:50,230     Exception : stale element reference: element is not attached to the page document
  (Session info: chrome=84.0.4147.125)
2020-08-20 17:01:50,785     Exception : stale element reference: element is not attached to the page document
  (Session info: chrome=84.0.4147.125)
2020-08-20 17:01:51,285     Exception : stale element reference: element is not attached to the page document
  (Session info: chrome=84.0.4147.125)
2020-08-20 17:01:51,768     Exception : stale element reference: element is not attached to the page document
  (Session info: chrome=84.0.4147.125)
2020-08-20 17:01:52,269     Exception : stale element reference: element is not attached to the page document
  (Session info: chrome=84.0.4147.125)
2020-08-20 17:01:52,784     Exception : stale element reference: element is not attached to the page document
  (Session info: chrome=84.0.4147.125)
2020-08-20 17:01:53,307     Exception : stale element reference: element is not attached to the page document
  (Session info: chrome=84.0.4147.125)
2020-08-20 17:01:53,863     Exception : stale element reference: element is not attached to the page document
  (Session info: chrome=84.0.4147.125)
2020-08-20 17:01:54,399     Exception : stale element reference: element is not attached to the page document
  (Session info: chrome=84.0.4147.125)
2020-08-20 17:01:54,941     Exception : stale element reference: element is not attached to the page document
  (Session info: chrome=84.0.4147.125)
2020-08-20 17:01:55,445     Exception : stale element reference: element is not attached to the page document
  (Session info: chrome=84.0.4147.125)
2020-08-20 17:01:55,950     Exception : stale element reference: element is not attached to the page document
  (Session info: chrome=84.0.4147.125)
2020-08-20 17:01:56,505     Exception : stale element reference: element is not attached to the page document
  (Session info: chrome=84.0.4147.125)
2020-08-20 17:01:57,096     Exception : stale element reference: element is not attached to the page document
  (Session info: chrome=84.0.4147.125)
2020-08-20 17:01:57,746     Exception : stale element reference: element is not attached to the page document
  (Session info: chrome=84.0.4147.125)
2020-08-20 17:01:58,521     Exception : stale element reference: element is not attached to the page document
  (Session info: chrome=84.0.4147.125)
2020-08-20 17:01:59,062     Exception : stale element reference: element is not attached to the page document
  (Session info: chrome=84.0.4147.125)
2020-08-20 17:01:59,599     Exception : stale element reference: element is not attached to the page document
  (Session info: chrome=84.0.4147.125)
2020-08-20 17:02:00,129     Exception : stale element reference: element is not attached to the page document
  (Session info: chrome=84.0.4147.125)
2020-08-20 17:02:00,689     Exception : stale element reference: element is not attached to the page document
  (Session info: chrome=84.0.4147.125)
2020-08-20 17:02:01,164     Exception : stale element reference: element is not attached to the page document
  (Session info: chrome=84.0.4147.125)
2020-08-20 17:02:01,724     Exception : stale element reference: element is not attached to the page document
  (Session info: chrome=84.0.4147.125)
2020-08-20 17:02:02,213     Exception : stale element reference: element is not attached to the page document
  (Session info: chrome=84.0.4147.125)
2020-08-20 17:02:02,750     Exception : stale element reference: element is not attached to the page document
  (Session info: chrome=84.0.4147.125)
2020-08-20 17:02:03,337     Exception : stale element reference: element is not attached to the page document
  (Session info: chrome=84.0.4147.125)
2020-08-20 17:02:03,968     Exception : stale element reference: element is not attached to the page document
  (Session info: chrome=84.0.4147.125)
2020-08-20 17:02:04,512     Exception : stale element reference: element is not attached to the page document
  (Session info: chrome=84.0.4147.125)
2020-08-20 17:02:05,101     Exception : stale element reference: element is not attached to the page document
  (Session info: chrome=84.0.4147.125)
2020-08-20 17:02:05,654     Exception : stale element reference: element is not attached to the page document
  (Session info: chrome=84.0.4147.125)
2020-08-20 17:02:06,216     Exception : stale element reference: element is not attached to the page document
  (Session info: chrome=84.0.4147.125)
2020-08-20 17:02:06,812     Exception : stale element reference: element is not attached to the page document
  (Session info: chrome=84.0.4147.125)
2020-08-20 17:02:07,334     Exception : stale element reference: element is not attached to the page document
  (Session info: chrome=84.0.4147.125)
2020-08-20 17:02:08,018     Exception : stale element reference: element is not attached to the page document
  (Session info: chrome=84.0.4147.125)
2020-08-20 17:02:08,645     Exception : stale element reference: element is not attached to the page document
  (Session info: chrome=84.0.4147.125)
2020-08-20 17:02:09,165     Exception : stale element reference: element is not attached to the page document
  (Session info: chrome=84.0.4147.125)
2020-08-20 17:02:09,653     Exception : stale element reference: element is not attached to the page document
  (Session info: chrome=84.0.4147.125)
2020-08-20 17:02:10,229     Exception : stale element reference: element is not attached to the page document
  (Session info: chrome=84.0.4147.125)
2020-08-20 17:02:10,812     Exception : stale element reference: element is not attached to the page document
  (Session info: chrome=84.0.4147.125)
2020-08-20 17:02:11,388     Exception : stale element reference: element is not attached to the page document
  (Session info: chrome=84.0.4147.125)
2020-08-20 17:02:11,915     Exception : stale element reference: element is not attached to the page document
  (Session info: chrome=84.0.4147.125)
2020-08-20 17:02:12,465     Exception : stale element reference: element is not attached to the page document
  (Session info: chrome=84.0.4147.125)
2020-08-20 17:02:12,999     Exception : stale element reference: element is not attached to the page document
  (Session info: chrome=84.0.4147.125)
2020-08-20 17:02:13,745     Exception : stale element reference: element is not attached to the page document
  (Session info: chrome=84.0.4147.125)
2020-08-20 17:02:14,484     Exception : stale element reference: element is not attached to the page document
  (Session info: chrome=84.0.4147.125)
2020-08-20 17:02:15,140     Exception : stale element reference: element is not attached to the page document
  (Session info: chrome=84.0.4147.125)
2020-08-20 17:02:15,701     Exception : stale element reference: element is not attached to the page document
  (Session info: chrome=84.0.4147.125)
2020-08-20 17:02:16,271     Exception : stale element reference: element is not attached to the page document
  (Session info: chrome=84.0.4147.125)
2020-08-20 17:02:16,805     Exception : stale element reference: element is not attached to the page document
  (Session info: chrome=84.0.4147.125)
2020-08-20 17:02:17,453     Exception : stale element reference: element is not attached to the page document
  (Session info: chrome=84.0.4147.125)
2020-08-20 17:02:18,005     Exception : stale element reference: element is not attached to the page document
  (Session info: chrome=84.0.4147.125)
2020-08-20 17:02:18,573     Exception : stale element reference: element is not attached to the page document
  (Session info: chrome=84.0.4147.125)
2020-08-20 17:02:19,172     Exception : stale element reference: element is not attached to the page document
  (Session info: chrome=84.0.4147.125)
2020-08-20 17:02:19,754     Exception : stale element reference: element is not attached to the page document
  (Session info: chrome=84.0.4147.125)
2020-08-20 17:02:20,334     Exception : stale element reference: element is not attached to the page document
  (Session info: chrome=84.0.4147.125)
2020-08-20 17:02:21,026     Exception : stale element reference: element is not attached to the page document
  (Session info: chrome=84.0.4147.125)
2020-08-20 17:02:21,587     Exception : stale element reference: element is not attached to the page document
  (Session info: chrome=84.0.4147.125)
2020-08-20 17:02:22,213     Exception : stale element reference: element is not attached to the page document
  (Session info: chrome=84.0.4147.125)
2020-08-20 17:02:22,783     Exception : stale element reference: element is not attached to the page document
  (Session info: chrome=84.0.4147.125)
2020-08-20 17:02:23,396     Exception : stale element reference: element is not attached to the page document
  (Session info: chrome=84.0.4147.125)
2020-08-20 17:02:23,963     Exception : stale element reference: element is not attached to the page document
  (Session info: chrome=84.0.4147.125)
2020-08-20 17:02:26,551     Exception : stale element reference: element is not attached to the page document
  (Session info: chrome=84.0.4147.125)
2020-08-20 17:02:27,191     Exception : stale element reference: element is not attached to the page document
  (Session info: chrome=84.0.4147.125)
2020-08-20 17:02:27,767     Exception : stale element reference: element is not attached to the page document
  (Session info: chrome=84.0.4147.125)
2020-08-20 17:02:28,348     Exception : stale element reference: element is not attached to the page document
  (Session info: chrome=84.0.4147.125)
2020-08-20 17:02:28,906     Exception : stale element reference: element is not attached to the page document
  (Session info: chrome=84.0.4147.125)
2020-08-20 17:02:29,653     Exception : stale element reference: element is not attached to the page document
  (Session info: chrome=84.0.4147.125)
2020-08-20 17:02:30,489     Exception : stale element reference: element is not attached to the page document
  (Session info: chrome=84.0.4147.125)
2020-08-20 17:02:31,126     Exception : stale element reference: element is not attached to the page document
  (Session info: chrome=84.0.4147.125)
2020-08-20 17:02:31,851     Exception : stale element reference: element is not attached to the page document
  (Session info: chrome=84.0.4147.125)
2020-08-20 17:02:32,397     Exception : stale element reference: element is not attached to the page document
  (Session info: chrome=84.0.4147.125)
2020-08-20 17:02:33,093     Exception : stale element reference: element is not attached to the page document
  (Session info: chrome=84.0.4147.125)
2020-08-20 17:02:33,701     Exception : stale element reference: element is not attached to the page document
  (Session info: chrome=84.0.4147.125)
2020-08-20 17:02:34,439     Exception : stale element reference: element is not attached to the page document
  (Session info: chrome=84.0.4147.125)
2020-08-20 17:02:35,377     Exception : stale element reference: element is not attached to the page document
  (Session info: chrome=84.0.4147.125)
2020-08-20 17:02:36,107     Exception : stale element reference: element is not attached to the page document
  (Session info: chrome=84.0.4147.125)
2020-08-20 17:02:36,708     Exception : stale element reference: element is not attached to the page document
  (Session info: chrome=84.0.4147.125)
2020-08-20 17:02:37,285     Exception : stale element reference: element is not attached to the page document
  (Session info: chrome=84.0.4147.125)
2020-08-20 17:02:37,885     Exception : stale element reference: element is not attached to the page document
  (Session info: chrome=84.0.4147.125)
2020-08-20 17:02:38,468     Exception : stale element reference: element is not attached to the page document
  (Session info: chrome=84.0.4147.125)
2020-08-20 17:02:39,126     Exception : stale element reference: element is not attached to the page document
  (Session info: chrome=84.0.4147.125)
2020-08-20 17:02:39,806     Exception : stale element reference: element is not attached to the page document
  (Session info: chrome=84.0.4147.125)
2020-08-20 17:02:40,437     Exception : stale element reference: element is not attached to the page document
  (Session info: chrome=84.0.4147.125)
2020-08-20 17:02:41,010     Exception : stale element reference: element is not attached to the page document
  (Session info: chrome=84.0.4147.125)
2020-08-20 17:02:41,684     Exception : stale element reference: element is not attached to the page document
  (Session info: chrome=84.0.4147.125)
2020-08-20 17:02:42,239     Exception : stale element reference: element is not attached to the page document
  (Session info: chrome=84.0.4147.125)
2020-08-20 17:02:43,191     Exception : stale element reference: element is not attached to the page document
  (Session info: chrome=84.0.4147.125)
2020-08-20 17:02:44,164     Exception : stale element reference: element is not attached to the page document
  (Session info: chrome=84.0.4147.125)
2020-08-20 17:02:44,994     Exception : stale element reference: element is not attached to the page document
  (Session info: chrome=84.0.4147.125)
2020-08-20 17:02:45,937     Exception : stale element reference: element is not attached to the page document
  (Session info: chrome=84.0.4147.125)
2020-08-20 17:02:47,175     Exception : stale element reference: element is not attached to the page document
  (Session info: chrome=84.0.4147.125)
2020-08-20 17:02:47,855     Exception : stale element reference: element is not attached to the page document
  (Session info: chrome=84.0.4147.125)
2020-08-20 18:29:07,812    USE_PROXY = false
2020-08-20 18:29:07,813    FREE_PROXY = false
2020-08-20 18:29:36,862    Country: United States of America
2020-08-20 18:29:40,444     Exception : defer_cancel
2020-08-20 18:30:07,028    Country: United States of America
2020-08-20 18:30:10,285     Exception : defer_cancel
2020-08-20 18:30:36,607    Country: United States of America
2020-08-20 18:30:39,916     Exception : defer_cancel
2020-08-20 18:31:06,367    Country: United States of America
2020-08-20 18:31:09,688     Exception : defer_cancel
2020-08-20 18:33:34,375    USE_PROXY = false
2020-08-20 18:33:34,377    FREE_PROXY = false
2020-08-20 18:34:28,152    Country: United States of America
2020-08-20 18:34:31,397     Exception : defer_cancel
2020-08-20 18:34:43,601     Exception : stale element reference: element is not attached to the page document
  (Session info: chrome=84.0.4147.125)
2020-08-20 18:34:43,661     Exception : stale element reference: element is not attached to the page document
  (Session info: chrome=84.0.4147.125)
2020-08-20 18:34:43,717     Exception : stale element reference: element is not attached to the page document
  (Session info: chrome=84.0.4147.125)
2020-08-20 18:34:43,772     Exception : stale element reference: element is not attached to the page document
  (Session info: chrome=84.0.4147.125)
2020-08-20 18:34:43,828     Exception : stale element reference: element is not attached to the page document
  (Session info: chrome=84.0.4147.125)
2020-08-20 18:34:43,888     Exception : stale element reference: element is not attached to the page document
  (Session info: chrome=84.0.4147.125)
2020-08-20 18:34:43,946     Exception : stale element reference: element is not attached to the page document
  (Session info: chrome=84.0.4147.125)
2020-08-20 18:34:44,013     Exception : stale element reference: element is not attached to the page document
  (Session info: chrome=84.0.4147.125)
2020-08-20 18:34:44,072     Exception : stale element reference: element is not attached to the page document
  (Session info: chrome=84.0.4147.125)
2020-08-20 18:34:44,140     Exception : stale element reference: element is not attached to the page document
  (Session info: chrome=84.0.4147.125)
2020-08-20 18:34:44,209     Exception : stale element reference: element is not attached to the page document
  (Session info: chrome=84.0.4147.125)
2020-08-20 18:34:44,268     Exception : stale element reference: element is not attached to the page document
  (Session info: chrome=84.0.4147.125)
2020-08-20 18:34:44,327     Exception : stale element reference: element is not attached to the page document
  (Session info: chrome=84.0.4147.125)
2020-08-20 18:34:44,387     Exception : stale element reference: element is not attached to the page document
  (Session info: chrome=84.0.4147.125)
2020-08-20 18:34:44,463     Exception : stale element reference: element is not attached to the page document
  (Session info: chrome=84.0.4147.125)
2020-08-20 18:34:44,527     Exception : stale element reference: element is not attached to the page document
  (Session info: chrome=84.0.4147.125)
2020-08-20 18:34:44,596     Exception : stale element reference: element is not attached to the page document
  (Session info: chrome=84.0.4147.125)
2020-08-20 18:34:44,660     Exception : stale element reference: element is not attached to the page document
  (Session info: chrome=84.0.4147.125)
2020-08-20 18:34:44,728     Exception : stale element reference: element is not attached to the page document
  (Session info: chrome=84.0.4147.125)
2020-08-20 18:34:44,791     Exception : stale element reference: element is not attached to the page document
  (Session info: chrome=84.0.4147.125)
2020-08-20 18:34:44,850     Exception : stale element reference: element is not attached to the page document
  (Session info: chrome=84.0.4147.125)
2020-08-20 18:34:44,908     Exception : stale element reference: element is not attached to the page document
  (Session info: chrome=84.0.4147.125)
2020-08-20 18:34:44,970     Exception : stale element reference: element is not attached to the page document
  (Session info: chrome=84.0.4147.125)
2020-08-20 18:34:45,030     Exception : stale element reference: element is not attached to the page document
  (Session info: chrome=84.0.4147.125)
2020-08-20 18:34:45,091     Exception : stale element reference: element is not attached to the page document
  (Session info: chrome=84.0.4147.125)
2020-08-20 18:34:45,151     Exception : stale element reference: element is not attached to the page document
  (Session info: chrome=84.0.4147.125)
2020-08-20 18:34:45,223     Exception : stale element reference: element is not attached to the page document
  (Session info: chrome=84.0.4147.125)
2020-08-20 18:34:45,304     Exception : stale element reference: element is not attached to the page document
  (Session info: chrome=84.0.4147.125)
2020-08-20 18:34:45,394     Exception : stale element reference: element is not attached to the page document
  (Session info: chrome=84.0.4147.125)
2020-08-20 18:34:45,462     Exception : stale element reference: element is not attached to the page document
  (Session info: chrome=84.0.4147.125)
2020-08-20 18:34:45,519     Exception : stale element reference: element is not attached to the page document
  (Session info: chrome=84.0.4147.125)
2020-08-20 18:34:45,580     Exception : stale element reference: element is not attached to the page document
  (Session info: chrome=84.0.4147.125)
2020-08-20 18:34:45,659     Exception : stale element reference: element is not attached to the page document
  (Session info: chrome=84.0.4147.125)
2020-08-20 18:34:45,737     Exception : stale element reference: element is not attached to the page document
  (Session info: chrome=84.0.4147.125)
2020-08-20 18:34:45,819     Exception : stale element reference: element is not attached to the page document
  (Session info: chrome=84.0.4147.125)
2020-08-20 18:34:45,895     Exception : stale element reference: element is not attached to the page document
  (Session info: chrome=84.0.4147.125)
2020-08-20 18:34:45,962     Exception : stale element reference: element is not attached to the page document
  (Session info: chrome=84.0.4147.125)
2020-08-20 18:34:46,027     Exception : stale element reference: element is not attached to the page document
  (Session info: chrome=84.0.4147.125)
2020-08-20 18:34:46,092     Exception : stale element reference: element is not attached to the page document
  (Session info: chrome=84.0.4147.125)
2020-08-20 18:34:46,150     Exception : stale element reference: element is not attached to the page document
  (Session info: chrome=84.0.4147.125)
2020-08-20 18:34:46,226     Exception : stale element reference: element is not attached to the page document
  (Session info: chrome=84.0.4147.125)
2020-08-20 18:34:46,288     Exception : stale element reference: element is not attached to the page document
  (Session info: chrome=84.0.4147.125)
2020-08-20 18:34:46,361     Exception : stale element reference: element is not attached to the page document
  (Session info: chrome=84.0.4147.125)
2020-08-20 18:34:46,438     Exception : stale element reference: element is not attached to the page document
  (Session info: chrome=84.0.4147.125)
2020-08-20 18:34:46,511     Exception : stale element reference: element is not attached to the page document
  (Session info: chrome=84.0.4147.125)
2020-08-20 18:34:46,576     Exception : stale element reference: element is not attached to the page document
  (Session info: chrome=84.0.4147.125)
2020-08-20 18:34:46,640     Exception : stale element reference: element is not attached to the page document
  (Session info: chrome=84.0.4147.125)
2020-08-20 18:34:46,714     Exception : stale element reference: element is not attached to the page document
  (Session info: chrome=84.0.4147.125)
2020-08-20 18:34:46,782     Exception : stale element reference: element is not attached to the page document
  (Session info: chrome=84.0.4147.125)
2020-08-20 18:34:46,848     Exception : stale element reference: element is not attached to the page document
  (Session info: chrome=84.0.4147.125)
2020-08-20 18:34:46,933     Exception : stale element reference: element is not attached to the page document
  (Session info: chrome=84.0.4147.125)
2020-08-20 18:34:47,010     Exception : stale element reference: element is not attached to the page document
  (Session info: chrome=84.0.4147.125)
2020-08-20 18:34:47,079     Exception : stale element reference: element is not attached to the page document
  (Session info: chrome=84.0.4147.125)
2020-08-20 18:34:47,141     Exception : stale element reference: element is not attached to the page document
  (Session info: chrome=84.0.4147.125)
2020-08-20 18:34:47,225     Exception : stale element reference: element is not attached to the page document
  (Session info: chrome=84.0.4147.125)
2020-08-20 18:34:47,300     Exception : stale element reference: element is not attached to the page document
  (Session info: chrome=84.0.4147.125)
2020-08-20 18:34:47,372     Exception : stale element reference: element is not attached to the page document
  (Session info: chrome=84.0.4147.125)
2020-08-20 18:34:47,440     Exception : stale element reference: element is not attached to the page document
  (Session info: chrome=84.0.4147.125)
2020-08-20 18:34:47,504     Exception : stale element reference: element is not attached to the page document
  (Session info: chrome=84.0.4147.125)
2020-08-20 18:34:47,571     Exception : stale element reference: element is not attached to the page document
  (Session info: chrome=84.0.4147.125)
2020-08-20 18:34:47,636     Exception : stale element reference: element is not attached to the page document
  (Session info: chrome=84.0.4147.125)
2020-08-20 18:34:47,701     Exception : stale element reference: element is not attached to the page document
  (Session info: chrome=84.0.4147.125)
2020-08-20 18:34:47,782     Exception : stale element reference: element is not attached to the page document
  (Session info: chrome=84.0.4147.125)
2020-08-20 18:34:47,847     Exception : stale element reference: element is not attached to the page document
  (Session info: chrome=84.0.4147.125)
2020-08-20 18:34:47,921     Exception : stale element reference: element is not attached to the page document
  (Session info: chrome=84.0.4147.125)
2020-08-20 18:34:47,991     Exception : stale element reference: element is not attached to the page document
  (Session info: chrome=84.0.4147.125)
2020-08-20 18:34:48,060     Exception : stale element reference: element is not attached to the page document
  (Session info: chrome=84.0.4147.125)
2020-08-20 18:34:48,137     Exception : stale element reference: element is not attached to the page document
  (Session info: chrome=84.0.4147.125)
2020-08-20 18:34:48,205     Exception : stale element reference: element is not attached to the page document
  (Session info: chrome=84.0.4147.125)
2020-08-20 18:34:48,274     Exception : stale element reference: element is not attached to the page document
  (Session info: chrome=84.0.4147.125)
2020-08-20 18:34:48,342     Exception : stale element reference: element is not attached to the page document
  (Session info: chrome=84.0.4147.125)
2020-08-20 18:34:48,415     Exception : stale element reference: element is not attached to the page document
  (Session info: chrome=84.0.4147.125)
2020-08-20 18:34:48,484     Exception : stale element reference: element is not attached to the page document
  (Session info: chrome=84.0.4147.125)
2020-08-20 18:34:48,549     Exception : stale element reference: element is not attached to the page document
  (Session info: chrome=84.0.4147.125)
2020-08-20 18:34:48,627     Exception : stale element reference: element is not attached to the page document
  (Session info: chrome=84.0.4147.125)
2020-08-20 18:34:48,695     Exception : stale element reference: element is not attached to the page document
  (Session info: chrome=84.0.4147.125)
2020-08-20 18:34:48,762     Exception : stale element reference: element is not attached to the page document
  (Session info: chrome=84.0.4147.125)
2020-08-20 18:34:48,839     Exception : stale element reference: element is not attached to the page document
  (Session info: chrome=84.0.4147.125)
2020-08-20 18:34:48,906     Exception : stale element reference: element is not attached to the page document
  (Session info: chrome=84.0.4147.125)
2020-08-20 18:34:48,973     Exception : stale element reference: element is not attached to the page document
  (Session info: chrome=84.0.4147.125)
2020-08-20 18:34:49,037     Exception : stale element reference: element is not attached to the page document
  (Session info: chrome=84.0.4147.125)
2020-08-20 18:34:49,106     Exception : stale element reference: element is not attached to the page document
  (Session info: chrome=84.0.4147.125)
2020-08-20 18:34:49,198     Exception : stale element reference: element is not attached to the page document
  (Session info: chrome=84.0.4147.125)
2020-08-20 18:34:49,277     Exception : stale element reference: element is not attached to the page document
  (Session info: chrome=84.0.4147.125)
2020-08-20 18:34:49,344     Exception : stale element reference: element is not attached to the page document
  (Session info: chrome=84.0.4147.125)
2020-08-20 18:34:49,415     Exception : stale element reference: element is not attached to the page document
  (Session info: chrome=84.0.4147.125)
2020-08-20 18:34:49,498     Exception : stale element reference: element is not attached to the page document
  (Session info: chrome=84.0.4147.125)
2020-08-20 18:34:49,577     Exception : stale element reference: element is not attached to the page document
  (Session info: chrome=84.0.4147.125)
2020-08-20 18:34:49,648     Exception : stale element reference: element is not attached to the page document
  (Session info: chrome=84.0.4147.125)
2020-08-20 18:34:49,719     Exception : stale element reference: element is not attached to the page document
  (Session info: chrome=84.0.4147.125)
2020-08-20 18:34:49,791     Exception : stale element reference: element is not attached to the page document
  (Session info: chrome=84.0.4147.125)
2020-08-20 18:34:49,875     Exception : stale element reference: element is not attached to the page document
  (Session info: chrome=84.0.4147.125)
2020-08-20 18:34:49,964     Exception : stale element reference: element is not attached to the page document
  (Session info: chrome=84.0.4147.125)
2020-08-20 18:34:50,066     Exception : stale element reference: element is not attached to the page document
  (Session info: chrome=84.0.4147.125)
2020-08-20 18:34:50,142     Exception : stale element reference: element is not attached to the page document
  (Session info: chrome=84.0.4147.125)
2020-08-20 18:34:50,224     Exception : stale element reference: element is not attached to the page document
  (Session info: chrome=84.0.4147.125)
2020-08-20 18:34:50,304     Exception : stale element reference: element is not attached to the page document
  (Session info: chrome=84.0.4147.125)
2020-08-20 18:34:50,395     Exception : stale element reference: element is not attached to the page document
  (Session info: chrome=84.0.4147.125)
2020-08-20 18:34:50,472     Exception : stale element reference: element is not attached to the page document
  (Session info: chrome=84.0.4147.125)
2020-08-20 18:34:50,551     Exception : stale element reference: element is not attached to the page document
  (Session info: chrome=84.0.4147.125)
2020-08-20 18:34:50,640     Exception : stale element reference: element is not attached to the page document
  (Session info: chrome=84.0.4147.125)
2020-08-20 18:34:50,719     Exception : stale element reference: element is not attached to the page document
  (Session info: chrome=84.0.4147.125)
2020-08-20 18:34:50,801     Exception : stale element reference: element is not attached to the page document
  (Session info: chrome=84.0.4147.125)
2020-08-20 18:34:50,878     Exception : stale element reference: element is not attached to the page document
  (Session info: chrome=84.0.4147.125)
2020-08-20 18:34:50,974     Exception : stale element reference: element is not attached to the page document
  (Session info: chrome=84.0.4147.125)
2020-08-20 18:34:51,060     Exception : stale element reference: element is not attached to the page document
  (Session info: chrome=84.0.4147.125)
2020-08-20 18:34:51,144     Exception : stale element reference: element is not attached to the page document
  (Session info: chrome=84.0.4147.125)
2020-08-20 18:34:52,673     Exception : stale element reference: element is not attached to the page document
  (Session info: chrome=84.0.4147.125)
2020-08-20 18:34:53,678     Exception : stale element reference: element is not attached to the page document
  (Session info: chrome=84.0.4147.125)
2020-08-20 18:34:54,063     Exception : stale element reference: element is not attached to the page document
  (Session info: chrome=84.0.4147.125)
2020-08-20 18:34:54,379     Exception : stale element reference: element is not attached to the page document
  (Session info: chrome=84.0.4147.125)
2020-08-20 18:34:54,746     Exception : stale element reference: element is not attached to the page document
  (Session info: chrome=84.0.4147.125)
2020-08-20 18:34:55,146     Exception : stale element reference: element is not attached to the page document
  (Session info: chrome=84.0.4147.125)
2020-08-20 18:34:55,569     Exception : stale element reference: element is not attached to the page document
  (Session info: chrome=84.0.4147.125)
2020-08-20 18:34:55,980     Exception : stale element reference: element is not attached to the page document
  (Session info: chrome=84.0.4147.125)
2020-08-20 18:34:56,216     Exception : stale element reference: element is not attached to the page document
  (Session info: chrome=84.0.4147.125)
2020-08-20 18:34:56,581     Exception : stale element reference: element is not attached to the page document
  (Session info: chrome=84.0.4147.125)
2020-08-20 18:34:56,975     Exception : stale element reference: element is not attached to the page document
  (Session info: chrome=84.0.4147.125)
2020-08-20 18:34:57,473     Exception : stale element reference: element is not attached to the page document
  (Session info: chrome=84.0.4147.125)
2020-08-20 18:34:57,578     Exception : stale element reference: element is not attached to the page document
  (Session info: chrome=84.0.4147.125)
2020-08-20 18:37:01,381    USE_PROXY = false
2020-08-20 18:37:01,392    FREE_PROXY = false
2020-08-20 18:37:57,048     Exception : no such element: Unable to locate element: {"method":"xpath","selector":"//div[2]/div[3]/div/div/div[3]/div/div/div/div[2]/div/div[3]/div/span/span"}
  (Session info: chrome=84.0.4147.125)
2020-08-20 18:37:58,736     Exception : stale element reference: element is not attached to the page document
  (Session info: chrome=84.0.4147.125)
2020-08-20 18:38:00,167     Exception : no such element: Unable to locate element: {"method":"xpath","selector":"//div[2]/div[2]/div/div//span[contains(text(),'Defer')]"}
  (Session info: chrome=84.0.4147.125)
2020-08-20 18:38:01,557     Exception : no such element: Unable to locate element: {"method":"xpath","selector":"//div[2]/div[2]/div/div//span[contains(text(),'Defer')]"}
  (Session info: chrome=84.0.4147.125)
2020-08-20 18:38:02,944     Exception : no such element: Unable to locate element: {"method":"xpath","selector":"//div[2]/div[2]/div/div//span[contains(text(),'Defer')]"}
  (Session info: chrome=84.0.4147.125)
2020-08-20 18:38:04,341     Exception : no such element: Unable to locate element: {"method":"xpath","selector":"//div[2]/div[2]/div/div//span[contains(text(),'Defer')]"}
  (Session info: chrome=84.0.4147.125)
2020-08-20 18:38:05,725     Exception : no such element: Unable to locate element: {"method":"xpath","selector":"//div[2]/div[2]/div/div//span[contains(text(),'Defer')]"}
  (Session info: chrome=84.0.4147.125)
2020-08-20 18:38:07,130     Exception : no such element: Unable to locate element: {"method":"xpath","selector":"//div[2]/div[2]/div/div//span[contains(text(),'Defer')]"}
  (Session info: chrome=84.0.4147.125)
2020-08-20 18:38:08,515     Exception : no such element: Unable to locate element: {"method":"xpath","selector":"//div[2]/div[2]/div/div//span[contains(text(),'Defer')]"}
  (Session info: chrome=84.0.4147.125)
2020-08-20 18:38:09,960     Exception : no such element: Unable to locate element: {"method":"xpath","selector":"//div[2]/div[2]/div/div//span[contains(text(),'Defer')]"}
  (Session info: chrome=84.0.4147.125)
2020-08-20 18:38:11,384     Exception : no such element: Unable to locate element: {"method":"xpath","selector":"//div[2]/div[2]/div/div//span[contains(text(),'Defer')]"}
  (Session info: chrome=84.0.4147.125)
2020-08-20 18:38:12,765     Exception : no such element: Unable to locate element: {"method":"xpath","selector":"//div[2]/div[2]/div/div//span[contains(text(),'Defer')]"}
  (Session info: chrome=84.0.4147.125)
2020-08-20 18:38:14,137     Exception : no such element: Unable to locate element: {"method":"xpath","selector":"//div[2]/div[2]/div/div//span[contains(text(),'Defer')]"}
  (Session info: chrome=84.0.4147.125)
2020-08-20 18:38:15,510     Exception : no such element: Unable to locate element: {"method":"xpath","selector":"//div[2]/div[2]/div/div//span[contains(text(),'Defer')]"}
  (Session info: chrome=84.0.4147.125)
2020-08-20 18:38:16,891     Exception : no such element: Unable to locate element: {"method":"xpath","selector":"//div[2]/div[2]/div/div//span[contains(text(),'Defer')]"}
  (Session info: chrome=84.0.4147.125)
2020-08-20 18:38:18,258     Exception : no such element: Unable to locate element: {"method":"xpath","selector":"//div[2]/div[2]/div/div//span[contains(text(),'Defer')]"}
  (Session info: chrome=84.0.4147.125)
2020-08-20 18:38:19,642     Exception : no such element: Unable to locate element: {"method":"xpath","selector":"//div[2]/div[2]/div/div//span[contains(text(),'Defer')]"}
  (Session info: chrome=84.0.4147.125)
2020-08-20 18:38:53,140    USE_PROXY = false
2020-08-20 18:38:53,141    FREE_PROXY = false
2020-08-20 18:39:17,723    Country: United States of America
2020-08-20 18:39:20,996     Exception : defer_cancel
2020-08-20 18:39:38,543    Country: United States of America
2020-08-20 18:39:41,925     Exception : defer_cancel
2020-08-20 18:39:59,811    USE_PROXY = false
2020-08-20 18:39:59,813    FREE_PROXY = false
2020-08-20 18:40:34,542    Profession: Medicine
2020-08-20 18:40:35,727    Country: United States of America
2020-08-20 18:40:39,241    Country: United States of America
2020-08-20 18:40:53,527     Exception : chrome not reachable
  (Session info: chrome=84.0.4147.125)
2020-08-22 19:00:14,138    USE_PROXY = false
2020-08-22 19:00:14,166    FREE_PROXY = false
2020-08-22 19:01:42,130    USE_PROXY = false
2020-08-22 19:01:42,133    FREE_PROXY = false
2020-08-22 19:01:54,686    178.159.107.223:8085: Incorrect Login
2020-08-22 20:39:29,667    USE_PROXY = false
2020-08-22 20:39:29,669    FREE_PROXY = false
2020-08-22 20:39:40,514    178.159.107.223:8085: Incorrect Login
2020-08-23 08:37:47,360    USE_PROXY = false
2020-08-23 08:37:47,362    FREE_PROXY = false
2020-08-23 08:38:02,259     Exception : 'tuple' object has no attribute 'click'
2020-08-23 08:41:22,326    USE_PROXY = false
2020-08-23 08:41:22,328    FREE_PROXY = false
2020-08-23 08:41:34,926     Exception : 'tuple' object has no attribute 'click'
2020-08-23 08:42:32,911    USE_PROXY = false
2020-08-23 08:42:32,927    FREE_PROXY = false
2020-08-23 08:42:48,157     Exception : 'tuple' object has no attribute 'click'
2020-08-23 08:46:55,059    USE_PROXY = false
2020-08-23 08:46:55,061    FREE_PROXY = false
2020-08-23 08:47:08,822     Exception : 'WebElement' object is not iterable
2020-08-23 09:02:12,377    USE_PROXY = false
2020-08-23 09:02:12,379    FREE_PROXY = false
2020-08-23 09:02:26,522     Exception : 'WebElement' object is not iterable
2020-08-23 09:03:02,491    USE_PROXY = false
2020-08-23 09:03:02,493    FREE_PROXY = false
2020-08-23 09:03:19,143     Exception : 'WebElement' object is not iterable
2020-08-23 09:03:39,684     Exception : 'WebElement' object is not iterable
2020-08-23 09:04:00,191     Exception : 'WebElement' object is not iterable
2020-08-23 09:05:11,138    USE_PROXY = false
2020-08-23 09:05:11,140    FREE_PROXY = false
2020-08-23 09:05:24,798     Exception : 'WebElement' object is not iterable
2020-08-23 09:05:45,475     Exception : 'WebElement' object is not iterable
2020-08-23 09:06:05,849     Exception : 'WebElement' object is not iterable
2020-08-23 09:06:26,557     Exception : 'WebElement' object is not iterable
2020-08-23 09:06:47,361     Exception : 'WebElement' object is not iterable
2020-08-23 09:07:08,467     Exception : 'WebElement' object is not iterable
2020-08-23 09:07:29,143     Exception : 'WebElement' object is not iterable
2020-08-23 09:07:49,667     Exception : 'WebElement' object is not iterable
2020-08-23 09:08:10,188     Exception : 'WebElement' object is not iterable
2020-08-23 09:08:30,692     Exception : 'WebElement' object is not iterable
2020-08-23 09:08:56,996    USE_PROXY = false
2020-08-23 09:08:57,006    FREE_PROXY = false
2020-08-23 09:09:14,239     Exception : 'WebElement' object is not iterable
2020-08-23 09:13:46,458    USE_PROXY = false
2020-08-23 09:13:46,460    FREE_PROXY = false
2020-08-23 09:14:13,212    Country: United States of America
2020-08-23 09:14:16,931    Country: United States of America
2020-08-23 09:14:20,634    Country: United States of America
2020-08-23 09:14:24,320    Country: United States of America
2020-08-23 09:14:27,977    Country: United States of America
2020-08-23 09:14:31,675    Country: United States of America
2020-08-23 09:14:35,362    Country: United States of America
2020-08-23 09:14:39,143    Country: United States of America
2020-08-23 09:14:42,713    Country: United States of America
2020-08-23 09:14:46,294    Country: United States of America
2020-08-23 09:15:07,875     Exception : Not found element
2020-08-23 18:57:01,554    USE_PROXY = false
2020-08-23 18:57:01,556    FREE_PROXY = false
2020-08-23 18:57:21,707    Country: United States of America
2020-08-23 18:57:25,508    Country: United States of America
2020-08-23 18:57:29,177    Country: United States of America
2020-08-23 18:57:32,777    Country: United States of America
2020-08-23 22:15:19,386    USE_PROXY = false
2020-08-23 22:15:19,392    FREE_PROXY = false
2020-08-23 22:15:40,963    Country: United States of America
2020-08-23 22:15:42,250     Exception : name 'datetime' is not defined
2020-08-23 22:15:46,911    178.159.107.223:8085: Failed.   Other Proxy will is started.
2020-08-23 22:15:47,923    USE_PROXY = false
2020-08-23 22:15:47,924    FREE_PROXY = false
2020-08-23 22:15:55,443    178.159.107.223:8085: Browser is stopped by admin.
2020-08-23 22:17:00,166    USE_PROXY = false
2020-08-23 22:17:00,168    FREE_PROXY = false
2020-08-23 22:17:18,847    Country: United States of America
2020-08-23 22:17:20,080     Exception : an integer is required (got type str)
2020-08-23 22:17:24,737    178.159.107.223:8085: Failed.   Other Proxy will is started.
2020-08-23 22:17:25,748    USE_PROXY = false
2020-08-23 22:17:25,749    FREE_PROXY = false
2020-08-23 22:17:40,709    178.159.107.223:8085: Browser is stopped by admin.
2020-08-23 22:19:45,651    USE_PROXY = false
2020-08-23 22:19:45,653    FREE_PROXY = false
2020-08-23 22:20:06,096    Country: United States of America
2020-08-23 22:20:07,812    Date(07-08-2020) not found
2020-08-23 22:20:07,883    Date(08-08-2020) not found
2020-08-23 22:20:10,199    Country: United States of America
2020-08-23 22:20:11,519    Date(07-08-2020) not found
2020-08-23 22:20:11,564    Date(08-08-2020) not found
2020-08-23 22:20:13,818    Country: United States of America
2020-08-23 22:20:15,168    Date(07-08-2020) not found
2020-08-23 22:20:15,220    Date(08-08-2020) not found
2020-08-23 22:20:17,484    Country: United States of America
2020-08-23 22:20:18,935    Date(07-08-2020) not found
2020-08-23 22:20:18,965    Date(08-08-2020) not found
2020-08-23 22:20:21,200    Country: United States of America
2020-08-23 22:20:22,619    Date(07-08-2020) not found
2020-08-23 22:20:22,649    Date(08-08-2020) not found
2020-08-23 22:20:24,916    Country: United States of America
2020-08-23 22:20:26,234    Date(07-08-2020) not found
2020-08-23 22:20:26,265    Date(08-08-2020) not found
2020-08-23 22:20:28,482    Country: United States of America
2020-08-23 22:20:29,769    Date(07-08-2020) not found
2020-08-23 22:20:29,799    Date(08-08-2020) not found
2020-08-23 22:20:32,127    Country: United States of America
2020-08-23 22:20:33,451    Date(07-08-2020) not found
2020-08-23 22:20:33,481    Date(08-08-2020) not found
2020-08-23 22:20:35,718    Country: United States of America
2020-08-23 22:20:37,004    Date(07-08-2020) not found
2020-08-23 22:20:37,050    Date(08-08-2020) not found
2020-08-23 22:20:39,265    Country: United States of America
2020-08-23 22:20:40,531    Date(07-08-2020) not found
2020-08-23 22:20:40,552    Date(08-08-2020) not found
2020-08-23 22:20:42,785    Country: United States of America
2020-08-23 22:20:44,202    Date(07-08-2020) not found
2020-08-23 22:20:44,235    Date(08-08-2020) not found
2020-08-23 22:20:46,485    Country: United States of America
2020-08-23 22:20:47,858    Date(07-08-2020) not found
2020-08-23 22:20:47,883    Date(08-08-2020) not found
2020-08-23 22:20:50,121    Country: United States of America
2020-08-23 22:20:51,418    Date(07-08-2020) not found
2020-08-23 22:20:51,449    Date(08-08-2020) not found
2020-08-23 22:20:53,711    Country: United States of America
2020-08-23 22:20:55,001    Date(07-08-2020) not found
2020-08-23 22:20:55,049    Date(08-08-2020) not found
2020-08-23 22:20:57,284    Country: United States of America
2020-08-23 22:20:58,635    Date(07-08-2020) not found
2020-08-23 22:20:58,682    Date(08-08-2020) not found
2020-08-23 22:21:00,919    Country: United States of America
